{"name":"hexo","hostname":"liguangdeMacBook-Air.local","pid":9720,"level":20,"msg":"Hexo version: \u001b[35m3.1.1\u001b[39m","time":"2017-05-10T14:27:19.518Z","v":0}
{"name":"hexo","hostname":"liguangdeMacBook-Air.local","pid":9720,"level":20,"msg":"Working directory: \u001b[35m~/blog/\u001b[39m","time":"2017-05-10T14:27:19.522Z","v":0}
{"name":"hexo","hostname":"liguangdeMacBook-Air.local","pid":9720,"level":20,"msg":"Config loaded: \u001b[35m~/blog/_config.yml\u001b[39m","time":"2017-05-10T14:27:19.617Z","v":0}
{"name":"hexo","hostname":"liguangdeMacBook-Air.local","pid":9720,"level":20,"msg":"Plugin loaded: \u001b[35mhexo-deployer-git\u001b[39m","time":"2017-05-10T14:27:20.391Z","v":0}
{"name":"hexo","hostname":"liguangdeMacBook-Air.local","pid":9720,"level":20,"msg":"Plugin loaded: \u001b[35mhexo-deployer-heroku\u001b[39m","time":"2017-05-10T14:27:20.391Z","v":0}
{"name":"hexo","hostname":"liguangdeMacBook-Air.local","pid":9720,"level":20,"msg":"Plugin loaded: \u001b[35mhexo-deployer-openshift\u001b[39m","time":"2017-05-10T14:27:20.392Z","v":0}
{"name":"hexo","hostname":"liguangdeMacBook-Air.local","pid":9720,"level":20,"msg":"Plugin loaded: \u001b[35mhexo-deployer-rsync\u001b[39m","time":"2017-05-10T14:27:20.392Z","v":0}
{"name":"hexo","hostname":"liguangdeMacBook-Air.local","pid":9720,"level":20,"msg":"Plugin loaded: \u001b[35mhexo-generator-archive\u001b[39m","time":"2017-05-10T14:27:20.392Z","v":0}
{"name":"hexo","hostname":"liguangdeMacBook-Air.local","pid":9720,"level":20,"msg":"Plugin loaded: \u001b[35mhexo-generator-category\u001b[39m","time":"2017-05-10T14:27:20.392Z","v":0}
{"name":"hexo","hostname":"liguangdeMacBook-Air.local","pid":9720,"level":20,"msg":"Plugin loaded: \u001b[35mhexo-generator-feed\u001b[39m","time":"2017-05-10T14:27:20.393Z","v":0}
{"name":"hexo","hostname":"liguangdeMacBook-Air.local","pid":9720,"level":20,"msg":"Plugin loaded: \u001b[35mhexo-generator-index\u001b[39m","time":"2017-05-10T14:27:20.393Z","v":0}
{"name":"hexo","hostname":"liguangdeMacBook-Air.local","pid":9720,"level":20,"msg":"Plugin loaded: \u001b[35mhexo-generator-sitemap\u001b[39m","time":"2017-05-10T14:27:20.394Z","v":0}
{"name":"hexo","hostname":"liguangdeMacBook-Air.local","pid":9720,"level":20,"msg":"Plugin loaded: \u001b[35mhexo-generator-tag\u001b[39m","time":"2017-05-10T14:27:20.395Z","v":0}
{"name":"hexo","hostname":"liguangdeMacBook-Air.local","pid":9720,"level":20,"msg":"Plugin loaded: \u001b[35mhexo-renderer-ejs\u001b[39m","time":"2017-05-10T14:27:20.395Z","v":0}
{"name":"hexo","hostname":"liguangdeMacBook-Air.local","pid":9720,"level":20,"msg":"Plugin loaded: \u001b[35mhexo-renderer-marked\u001b[39m","time":"2017-05-10T14:27:20.395Z","v":0}
{"name":"hexo","hostname":"liguangdeMacBook-Air.local","pid":9720,"level":20,"msg":"Plugin loaded: \u001b[35mhexo-renderer-stylus\u001b[39m","time":"2017-05-10T14:27:20.395Z","v":0}
{"name":"hexo","hostname":"liguangdeMacBook-Air.local","pid":9720,"level":20,"msg":"Plugin loaded: \u001b[35mhexo-server\u001b[39m","time":"2017-05-10T14:27:20.395Z","v":0}
{"name":"hexo","hostname":"liguangdeMacBook-Air.local","pid":9720,"level":20,"msg":"Script loaded: \u001b[35mthemes/next/scripts/merge-configs.js\u001b[39m","time":"2017-05-10T14:27:20.396Z","v":0}
{"name":"hexo","hostname":"liguangdeMacBook-Air.local","pid":9720,"level":20,"msg":"Script loaded: \u001b[35mthemes/next/scripts/tags/center-quote.js\u001b[39m","time":"2017-05-10T14:27:20.397Z","v":0}
{"name":"hexo","hostname":"liguangdeMacBook-Air.local","pid":9720,"level":20,"msg":"Script loaded: \u001b[35mthemes/next/scripts/tags/full-image.js\u001b[39m","time":"2017-05-10T14:27:20.397Z","v":0}
{"name":"hexo","hostname":"liguangdeMacBook-Air.local","pid":9720,"level":20,"msg":"Loading database.","time":"2017-05-10T14:27:20.410Z","v":0}
{"name":"hexo","hostname":"liguangdeMacBook-Air.local","pid":9720,"level":20,"msg":"Added: \u001b[35msource/_posts/生活之奴.md\u001b[39m","time":"2017-05-10T14:27:20.455Z","v":0}
{"name":"hexo","hostname":"liguangdeMacBook-Air.local","pid":9720,"level":20,"msg":"Added: \u001b[35msource/_posts/當我面臨同樣的問題，明顯不如妳.md\u001b[39m","time":"2017-05-10T14:27:20.458Z","v":0}
{"name":"hexo","hostname":"liguangdeMacBook-Air.local","pid":9720,"level":20,"msg":"Added: \u001b[35msource/_posts/胡思亂想.md\u001b[39m","time":"2017-05-10T14:27:20.458Z","v":0}
{"name":"hexo","hostname":"liguangdeMacBook-Air.local","pid":9720,"level":20,"msg":"Added: \u001b[35msource/CNAME\u001b[39m","time":"2017-05-10T14:27:20.459Z","v":0}
{"name":"hexo","hostname":"liguangdeMacBook-Air.local","pid":9720,"level":20,"msg":"Added: \u001b[35msource/categories/index.md\u001b[39m","time":"2017-05-10T14:27:20.463Z","v":0}
{"name":"hexo","hostname":"liguangdeMacBook-Air.local","pid":9720,"level":20,"msg":"Added: \u001b[35msource/_posts/買了一個手賬本.md\u001b[39m","time":"2017-05-10T14:27:20.464Z","v":0}
{"name":"hexo","hostname":"liguangdeMacBook-Air.local","pid":9720,"level":20,"msg":"Added: \u001b[35msource/favicon/favicon.ico\u001b[39m","time":"2017-05-10T14:27:20.464Z","v":0}
{"name":"hexo","hostname":"liguangdeMacBook-Air.local","pid":9720,"level":20,"msg":"Added: \u001b[35msource/_posts/鼻塞.md\u001b[39m","time":"2017-05-10T14:27:20.464Z","v":0}
{"name":"hexo","hostname":"liguangdeMacBook-Air.local","pid":9720,"level":20,"msg":"Added: \u001b[35msource/images/avatar.jpg\u001b[39m","time":"2017-05-10T14:27:20.464Z","v":0}
{"name":"hexo","hostname":"liguangdeMacBook-Air.local","pid":9720,"level":20,"msg":"Added: \u001b[35msource/tags/index.md\u001b[39m","time":"2017-05-10T14:27:20.465Z","v":0}
{"name":"hexo","hostname":"liguangdeMacBook-Air.local","pid":9720,"level":20,"msg":"Added: \u001b[35mthemes/next/source/css/_common/_page/home.styl\u001b[39m","time":"2017-05-10T14:27:20.535Z","v":0}
{"name":"hexo","hostname":"liguangdeMacBook-Air.local","pid":9720,"level":20,"msg":"Added: \u001b[35mthemes/next/source/css/_mixins/Mist.styl\u001b[39m","time":"2017-05-10T14:27:20.536Z","v":0}
{"name":"hexo","hostname":"liguangdeMacBook-Air.local","pid":9720,"level":20,"msg":"Added: \u001b[35mthemes/next/source/css/_mixins/custom.styl\u001b[39m","time":"2017-05-10T14:27:20.537Z","v":0}
{"name":"hexo","hostname":"liguangdeMacBook-Air.local","pid":9720,"level":20,"msg":"Added: \u001b[35mthemes/next/source/css/_mixins/default.styl\u001b[39m","time":"2017-05-10T14:27:20.537Z","v":0}
{"name":"hexo","hostname":"liguangdeMacBook-Air.local","pid":9720,"level":20,"msg":"Added: \u001b[35mthemes/next/source/css/_variables/custom.styl\u001b[39m","time":"2017-05-10T14:27:20.538Z","v":0}
{"name":"hexo","hostname":"liguangdeMacBook-Air.local","pid":9720,"level":20,"msg":"Added: \u001b[35mthemes/next/source/css/_variables/default.styl\u001b[39m","time":"2017-05-10T14:27:20.539Z","v":0}
{"name":"hexo","hostname":"liguangdeMacBook-Air.local","pid":9720,"level":20,"msg":"Added: \u001b[35mthemes/next/README.en.md\u001b[39m","time":"2017-05-10T14:27:20.555Z","v":0}
{"name":"hexo","hostname":"liguangdeMacBook-Air.local","pid":9720,"level":20,"msg":"Added: \u001b[35mthemes/next/bower.json\u001b[39m","time":"2017-05-10T14:27:20.556Z","v":0}
{"name":"hexo","hostname":"liguangdeMacBook-Air.local","pid":9720,"level":20,"msg":"Added: \u001b[35mthemes/next/README.md\u001b[39m","time":"2017-05-10T14:27:20.556Z","v":0}
{"name":"hexo","hostname":"liguangdeMacBook-Air.local","pid":9720,"level":20,"msg":"Added: \u001b[35mthemes/next/_config.yml\u001b[39m","time":"2017-05-10T14:27:20.556Z","v":0}
{"name":"hexo","hostname":"liguangdeMacBook-Air.local","pid":9720,"level":20,"msg":"Added: \u001b[35mthemes/next/languages/default.yml\u001b[39m","time":"2017-05-10T14:27:20.556Z","v":0}
{"name":"hexo","hostname":"liguangdeMacBook-Air.local","pid":9720,"level":20,"msg":"Added: \u001b[35mthemes/next/languages/fr-FR.yml\u001b[39m","time":"2017-05-10T14:27:20.556Z","v":0}
{"name":"hexo","hostname":"liguangdeMacBook-Air.local","pid":9720,"level":20,"msg":"Added: \u001b[35mthemes/next/languages/de.yml\u001b[39m","time":"2017-05-10T14:27:20.558Z","v":0}
{"name":"hexo","hostname":"liguangdeMacBook-Air.local","pid":9720,"level":20,"msg":"Added: \u001b[35mthemes/next/languages/en.yml\u001b[39m","time":"2017-05-10T14:27:20.558Z","v":0}
{"name":"hexo","hostname":"liguangdeMacBook-Air.local","pid":9720,"level":20,"msg":"Added: \u001b[35mthemes/next/languages/ru.yml\u001b[39m","time":"2017-05-10T14:27:20.559Z","v":0}
{"name":"hexo","hostname":"liguangdeMacBook-Air.local","pid":9720,"level":20,"msg":"Added: \u001b[35mthemes/next/languages/zh-Hans.yml\u001b[39m","time":"2017-05-10T14:27:20.559Z","v":0}
{"name":"hexo","hostname":"liguangdeMacBook-Air.local","pid":9720,"level":20,"msg":"Added: \u001b[35mthemes/next/languages/zh-tw.yml\u001b[39m","time":"2017-05-10T14:27:20.559Z","v":0}
{"name":"hexo","hostname":"liguangdeMacBook-Air.local","pid":9720,"level":20,"msg":"Added: \u001b[35mthemes/next/languages/zh-hk.yml\u001b[39m","time":"2017-05-10T14:27:20.559Z","v":0}
{"name":"hexo","hostname":"liguangdeMacBook-Air.local","pid":9720,"level":20,"msg":"Added: \u001b[35mthemes/next/layout/_layout.swig\u001b[39m","time":"2017-05-10T14:27:20.560Z","v":0}
{"name":"hexo","hostname":"liguangdeMacBook-Air.local","pid":9720,"level":20,"msg":"Added: \u001b[35mthemes/next/layout/_macro/sidebar.swig\u001b[39m","time":"2017-05-10T14:27:20.561Z","v":0}
{"name":"hexo","hostname":"liguangdeMacBook-Air.local","pid":9720,"level":20,"msg":"Added: \u001b[35mthemes/next/layout/_macro/post-collapse.swig\u001b[39m","time":"2017-05-10T14:27:20.561Z","v":0}
{"name":"hexo","hostname":"liguangdeMacBook-Air.local","pid":9720,"level":20,"msg":"Added: \u001b[35mthemes/next/layout/_partials/head.swig\u001b[39m","time":"2017-05-10T14:27:20.561Z","v":0}
{"name":"hexo","hostname":"liguangdeMacBook-Air.local","pid":9720,"level":20,"msg":"Added: \u001b[35mthemes/next/layout/_macro/post.swig\u001b[39m","time":"2017-05-10T14:27:20.562Z","v":0}
{"name":"hexo","hostname":"liguangdeMacBook-Air.local","pid":9720,"level":20,"msg":"Added: \u001b[35mthemes/next/layout/_partials/footer.swig\u001b[39m","time":"2017-05-10T14:27:20.562Z","v":0}
{"name":"hexo","hostname":"liguangdeMacBook-Air.local","pid":9720,"level":20,"msg":"Added: \u001b[35mthemes/next/layout/_partials/old-browsers.swig\u001b[39m","time":"2017-05-10T14:27:20.563Z","v":0}
{"name":"hexo","hostname":"liguangdeMacBook-Air.local","pid":9720,"level":20,"msg":"Added: \u001b[35mthemes/next/layout/_partials/search/swiftype.swig\u001b[39m","time":"2017-05-10T14:27:20.563Z","v":0}
{"name":"hexo","hostname":"liguangdeMacBook-Air.local","pid":9720,"level":20,"msg":"Added: \u001b[35mthemes/next/layout/_partials/pagination.swig\u001b[39m","time":"2017-05-10T14:27:20.563Z","v":0}
{"name":"hexo","hostname":"liguangdeMacBook-Air.local","pid":9720,"level":20,"msg":"Added: \u001b[35mthemes/next/layout/_partials/search/tinysou.swig\u001b[39m","time":"2017-05-10T14:27:20.563Z","v":0}
{"name":"hexo","hostname":"liguangdeMacBook-Air.local","pid":9720,"level":20,"msg":"Added: \u001b[35mthemes/next/layout/_partials/search.swig\u001b[39m","time":"2017-05-10T14:27:20.563Z","v":0}
{"name":"hexo","hostname":"liguangdeMacBook-Air.local","pid":9720,"level":20,"msg":"Added: \u001b[35mthemes/next/layout/_partials/header.swig\u001b[39m","time":"2017-05-10T14:27:20.564Z","v":0}
{"name":"hexo","hostname":"liguangdeMacBook-Air.local","pid":9720,"level":20,"msg":"Added: \u001b[35mthemes/next/layout/_partials/share/duoshuo_share.swig\u001b[39m","time":"2017-05-10T14:27:20.564Z","v":0}
{"name":"hexo","hostname":"liguangdeMacBook-Air.local","pid":9720,"level":20,"msg":"Added: \u001b[35mthemes/next/layout/_scripts/analytics/baidu-analytics.swig\u001b[39m","time":"2017-05-10T14:27:20.564Z","v":0}
{"name":"hexo","hostname":"liguangdeMacBook-Air.local","pid":9720,"level":20,"msg":"Added: \u001b[35mthemes/next/layout/_scripts/analytics.swig\u001b[39m","time":"2017-05-10T14:27:20.565Z","v":0}
{"name":"hexo","hostname":"liguangdeMacBook-Air.local","pid":9720,"level":20,"msg":"Added: \u001b[35mthemes/next/layout/_partials/share/jiathis.swig\u001b[39m","time":"2017-05-10T14:27:20.565Z","v":0}
{"name":"hexo","hostname":"liguangdeMacBook-Air.local","pid":9720,"level":20,"msg":"Added: \u001b[35mthemes/next/layout/_scripts/analytics/google-analytics.swig\u001b[39m","time":"2017-05-10T14:27:20.565Z","v":0}
{"name":"hexo","hostname":"liguangdeMacBook-Air.local","pid":9720,"level":20,"msg":"Added: \u001b[35mthemes/next/layout/_scripts/bootstrap.scrollspy.swig\u001b[39m","time":"2017-05-10T14:27:20.566Z","v":0}
{"name":"hexo","hostname":"liguangdeMacBook-Air.local","pid":9720,"level":20,"msg":"Added: \u001b[35mthemes/next/layout/_scripts/comments/disqus.swig\u001b[39m","time":"2017-05-10T14:27:20.566Z","v":0}
{"name":"hexo","hostname":"liguangdeMacBook-Air.local","pid":9720,"level":20,"msg":"Added: \u001b[35mthemes/next/layout/_scripts/baidushare.swig\u001b[39m","time":"2017-05-10T14:27:20.567Z","v":0}
{"name":"hexo","hostname":"liguangdeMacBook-Air.local","pid":9720,"level":20,"msg":"Added: \u001b[35mthemes/next/layout/_scripts/comments/duoshuo.swig\u001b[39m","time":"2017-05-10T14:27:20.567Z","v":0}
{"name":"hexo","hostname":"liguangdeMacBook-Air.local","pid":9720,"level":20,"msg":"Added: \u001b[35mthemes/next/layout/_scripts/fancy-box.swig\u001b[39m","time":"2017-05-10T14:27:20.567Z","v":0}
{"name":"hexo","hostname":"liguangdeMacBook-Air.local","pid":9720,"level":20,"msg":"Added: \u001b[35mthemes/next/layout/_scripts/motion.swig\u001b[39m","time":"2017-05-10T14:27:20.568Z","v":0}
{"name":"hexo","hostname":"liguangdeMacBook-Air.local","pid":9720,"level":20,"msg":"Added: \u001b[35mthemes/next/layout/_scripts/helpers.swig\u001b[39m","time":"2017-05-10T14:27:20.568Z","v":0}
{"name":"hexo","hostname":"liguangdeMacBook-Air.local","pid":9720,"level":20,"msg":"Added: \u001b[35mthemes/next/layout/_scripts/mathjax.swig\u001b[39m","time":"2017-05-10T14:27:20.568Z","v":0}
{"name":"hexo","hostname":"liguangdeMacBook-Air.local","pid":9720,"level":20,"msg":"Added: \u001b[35mthemes/next/layout/_scripts/pages/post-details.swig\u001b[39m","time":"2017-05-10T14:27:20.569Z","v":0}
{"name":"hexo","hostname":"liguangdeMacBook-Air.local","pid":9720,"level":20,"msg":"Added: \u001b[35mthemes/next/layout/archive.swig\u001b[39m","time":"2017-05-10T14:27:20.569Z","v":0}
{"name":"hexo","hostname":"liguangdeMacBook-Air.local","pid":9720,"level":20,"msg":"Added: \u001b[35mthemes/next/layout/category.swig\u001b[39m","time":"2017-05-10T14:27:20.569Z","v":0}
{"name":"hexo","hostname":"liguangdeMacBook-Air.local","pid":9720,"level":20,"msg":"Added: \u001b[35mthemes/next/layout/index.swig\u001b[39m","time":"2017-05-10T14:27:20.569Z","v":0}
{"name":"hexo","hostname":"liguangdeMacBook-Air.local","pid":9720,"level":20,"msg":"Added: \u001b[35mthemes/next/layout/page.swig\u001b[39m","time":"2017-05-10T14:27:20.569Z","v":0}
{"name":"hexo","hostname":"liguangdeMacBook-Air.local","pid":9720,"level":20,"msg":"Added: \u001b[35mthemes/next/scripts/merge-configs.js\u001b[39m","time":"2017-05-10T14:27:20.570Z","v":0}
{"name":"hexo","hostname":"liguangdeMacBook-Air.local","pid":9720,"level":20,"msg":"Added: \u001b[35mthemes/next/scripts/tags/center-quote.js\u001b[39m","time":"2017-05-10T14:27:20.570Z","v":0}
{"name":"hexo","hostname":"liguangdeMacBook-Air.local","pid":9720,"level":20,"msg":"Added: \u001b[35mthemes/next/scripts/tags/full-image.js\u001b[39m","time":"2017-05-10T14:27:20.570Z","v":0}
{"name":"hexo","hostname":"liguangdeMacBook-Air.local","pid":9720,"level":20,"msg":"Added: \u001b[35mthemes/next/layout/post.swig\u001b[39m","time":"2017-05-10T14:27:20.570Z","v":0}
{"name":"hexo","hostname":"liguangdeMacBook-Air.local","pid":9720,"level":20,"msg":"Added: \u001b[35mthemes/next/layout/tag.swig\u001b[39m","time":"2017-05-10T14:27:20.570Z","v":0}
{"name":"hexo","hostname":"liguangdeMacBook-Air.local","pid":9720,"level":20,"msg":"Added: \u001b[35mthemes/next/source/css/_common/_component/buttons.styl\u001b[39m","time":"2017-05-10T14:27:20.571Z","v":0}
{"name":"hexo","hostname":"liguangdeMacBook-Air.local","pid":9720,"level":20,"msg":"Added: \u001b[35mthemes/next/source/css/_common/_component/comments.styl\u001b[39m","time":"2017-05-10T14:27:20.571Z","v":0}
{"name":"hexo","hostname":"liguangdeMacBook-Air.local","pid":9720,"level":20,"msg":"Added: \u001b[35mthemes/next/source/css/_common/_component/gallery.styl\u001b[39m","time":"2017-05-10T14:27:20.571Z","v":0}
{"name":"hexo","hostname":"liguangdeMacBook-Air.local","pid":9720,"level":20,"msg":"Added: \u001b[35mthemes/next/source/css/_common/_component/back-to-top.styl\u001b[39m","time":"2017-05-10T14:27:20.571Z","v":0}
{"name":"hexo","hostname":"liguangdeMacBook-Air.local","pid":9720,"level":20,"msg":"Added: \u001b[35mthemes/next/source/css/_common/_component/duoshuo.styl\u001b[39m","time":"2017-05-10T14:27:20.571Z","v":0}
{"name":"hexo","hostname":"liguangdeMacBook-Air.local","pid":9720,"level":20,"msg":"Added: \u001b[35mthemes/next/source/css/_common/_component/jiathis.styl\u001b[39m","time":"2017-05-10T14:27:20.572Z","v":0}
{"name":"hexo","hostname":"liguangdeMacBook-Air.local","pid":9720,"level":20,"msg":"Added: \u001b[35mthemes/next/source/css/_common/_component/posts-expand.styl\u001b[39m","time":"2017-05-10T14:27:20.572Z","v":0}
{"name":"hexo","hostname":"liguangdeMacBook-Air.local","pid":9720,"level":20,"msg":"Added: \u001b[35mthemes/next/source/css/_common/_component/pagination.styl\u001b[39m","time":"2017-05-10T14:27:20.572Z","v":0}
{"name":"hexo","hostname":"liguangdeMacBook-Air.local","pid":9720,"level":20,"msg":"Added: \u001b[35mthemes/next/source/css/_common/_component/posts-type.styl\u001b[39m","time":"2017-05-10T14:27:20.573Z","v":0}
{"name":"hexo","hostname":"liguangdeMacBook-Air.local","pid":9720,"level":20,"msg":"Added: \u001b[35mthemes/next/source/css/_common/_component/posts-collapse.styl\u001b[39m","time":"2017-05-10T14:27:20.574Z","v":0}
{"name":"hexo","hostname":"liguangdeMacBook-Air.local","pid":9720,"level":20,"msg":"Added: \u001b[35mthemes/next/source/css/_common/_component/tag-cloud.styl\u001b[39m","time":"2017-05-10T14:27:20.574Z","v":0}
{"name":"hexo","hostname":"liguangdeMacBook-Air.local","pid":9720,"level":20,"msg":"Added: \u001b[35mthemes/next/source/css/_common/_core/base.styl\u001b[39m","time":"2017-05-10T14:27:20.574Z","v":0}
{"name":"hexo","hostname":"liguangdeMacBook-Air.local","pid":9720,"level":20,"msg":"Added: \u001b[35mthemes/next/source/css/_common/_core/normalize.styl\u001b[39m","time":"2017-05-10T14:27:20.574Z","v":0}
{"name":"hexo","hostname":"liguangdeMacBook-Air.local","pid":9720,"level":20,"msg":"Added: \u001b[35mthemes/next/source/css/_common/_core/helpers.styl\u001b[39m","time":"2017-05-10T14:27:20.574Z","v":0}
{"name":"hexo","hostname":"liguangdeMacBook-Air.local","pid":9720,"level":20,"msg":"Added: \u001b[35mthemes/next/source/css/_common/_fonts/icon-default.styl\u001b[39m","time":"2017-05-10T14:27:20.574Z","v":0}
{"name":"hexo","hostname":"liguangdeMacBook-Air.local","pid":9720,"level":20,"msg":"Added: \u001b[35mthemes/next/source/css/_common/_fonts/icon-feather.styl\u001b[39m","time":"2017-05-10T14:27:20.575Z","v":0}
{"name":"hexo","hostname":"liguangdeMacBook-Air.local","pid":9720,"level":20,"msg":"Added: \u001b[35mthemes/next/source/css/_common/_core/scaffolding.styl\u001b[39m","time":"2017-05-10T14:27:20.575Z","v":0}
{"name":"hexo","hostname":"liguangdeMacBook-Air.local","pid":9720,"level":20,"msg":"Added: \u001b[35mthemes/next/source/css/_common/_core/tables.styl\u001b[39m","time":"2017-05-10T14:27:20.575Z","v":0}
{"name":"hexo","hostname":"liguangdeMacBook-Air.local","pid":9720,"level":20,"msg":"Added: \u001b[35mthemes/next/source/css/_common/_fonts/icon-font.styl\u001b[39m","time":"2017-05-10T14:27:20.575Z","v":0}
{"name":"hexo","hostname":"liguangdeMacBook-Air.local","pid":9720,"level":20,"msg":"Added: \u001b[35mthemes/next/source/css/_common/_page/archive.styl\u001b[39m","time":"2017-05-10T14:27:20.575Z","v":0}
{"name":"hexo","hostname":"liguangdeMacBook-Air.local","pid":9720,"level":20,"msg":"Added: \u001b[35mthemes/next/source/css/_common/_fonts/icon-fifty-shades.styl\u001b[39m","time":"2017-05-10T14:27:20.578Z","v":0}
{"name":"hexo","hostname":"liguangdeMacBook-Air.local","pid":9720,"level":20,"msg":"Added: \u001b[35mthemes/next/source/css/_common/_fonts/icon-linecons.styl\u001b[39m","time":"2017-05-10T14:27:20.579Z","v":0}
{"name":"hexo","hostname":"liguangdeMacBook-Air.local","pid":9720,"level":20,"msg":"Added: \u001b[35mthemes/next/source/css/_common/_page/categories.styl\u001b[39m","time":"2017-05-10T14:27:20.579Z","v":0}
{"name":"hexo","hostname":"liguangdeMacBook-Air.local","pid":9720,"level":20,"msg":"Added: \u001b[35mthemes/next/source/css/_common/_section/body.styl\u001b[39m","time":"2017-05-10T14:27:20.579Z","v":0}
{"name":"hexo","hostname":"liguangdeMacBook-Air.local","pid":9720,"level":20,"msg":"Added: \u001b[35mthemes/next/source/css/_common/_page/post-detail.styl\u001b[39m","time":"2017-05-10T14:27:20.579Z","v":0}
{"name":"hexo","hostname":"liguangdeMacBook-Air.local","pid":9720,"level":20,"msg":"Added: \u001b[35mthemes/next/source/css/_common/_section/footer.styl\u001b[39m","time":"2017-05-10T14:27:20.580Z","v":0}
{"name":"hexo","hostname":"liguangdeMacBook-Air.local","pid":9720,"level":20,"msg":"Added: \u001b[35mthemes/next/source/css/_common/_section/media.styl\u001b[39m","time":"2017-05-10T14:27:20.580Z","v":0}
{"name":"hexo","hostname":"liguangdeMacBook-Air.local","pid":9720,"level":20,"msg":"Added: \u001b[35mthemes/next/source/css/_common/_section/header.styl\u001b[39m","time":"2017-05-10T14:27:20.581Z","v":0}
{"name":"hexo","hostname":"liguangdeMacBook-Air.local","pid":9720,"level":20,"msg":"Added: \u001b[35mthemes/next/source/css/_common/_section/layout.styl\u001b[39m","time":"2017-05-10T14:27:20.581Z","v":0}
{"name":"hexo","hostname":"liguangdeMacBook-Air.local","pid":9720,"level":20,"msg":"Added: \u001b[35mthemes/next/source/css/_common/_section/sidebar.styl\u001b[39m","time":"2017-05-10T14:27:20.581Z","v":0}
{"name":"hexo","hostname":"liguangdeMacBook-Air.local","pid":9720,"level":20,"msg":"Added: \u001b[35mthemes/next/source/css/_custom/custom.styl\u001b[39m","time":"2017-05-10T14:27:20.581Z","v":0}
{"name":"hexo","hostname":"liguangdeMacBook-Air.local","pid":9720,"level":20,"msg":"Added: \u001b[35mthemes/next/source/css/_mixins/base.styl\u001b[39m","time":"2017-05-10T14:27:20.582Z","v":0}
{"name":"hexo","hostname":"liguangdeMacBook-Air.local","pid":9720,"level":20,"msg":"Added: \u001b[35mthemes/next/source/css/_common/_vendor/highlight/highlight.styl\u001b[39m","time":"2017-05-10T14:27:20.582Z","v":0}
{"name":"hexo","hostname":"liguangdeMacBook-Air.local","pid":9720,"level":20,"msg":"Added: \u001b[35mthemes/next/source/css/_common/_vendor/highlight/theme.styl\u001b[39m","time":"2017-05-10T14:27:20.582Z","v":0}
{"name":"hexo","hostname":"liguangdeMacBook-Air.local","pid":9720,"level":20,"msg":"Added: \u001b[35mthemes/next/source/css/_schemes/Mist/index.styl\u001b[39m","time":"2017-05-10T14:27:20.582Z","v":0}
{"name":"hexo","hostname":"liguangdeMacBook-Air.local","pid":9720,"level":20,"msg":"Added: \u001b[35mthemes/next/source/css/_schemes/default/_menu.styl\u001b[39m","time":"2017-05-10T14:27:20.582Z","v":0}
{"name":"hexo","hostname":"liguangdeMacBook-Air.local","pid":9720,"level":20,"msg":"Added: \u001b[35mthemes/next/source/css/_schemes/default/index.styl\u001b[39m","time":"2017-05-10T14:27:20.582Z","v":0}
{"name":"hexo","hostname":"liguangdeMacBook-Air.local","pid":9720,"level":20,"msg":"Added: \u001b[35mthemes/next/source/css/_schemes/default/_search.styl\u001b[39m","time":"2017-05-10T14:27:20.583Z","v":0}
{"name":"hexo","hostname":"liguangdeMacBook-Air.local","pid":9720,"level":20,"msg":"Added: \u001b[35mthemes/next/source/css/_variables/Mist.styl\u001b[39m","time":"2017-05-10T14:27:20.584Z","v":0}
{"name":"hexo","hostname":"liguangdeMacBook-Air.local","pid":9720,"level":20,"msg":"Added: \u001b[35mthemes/next/source/fonts/icon-default/icomoon.eot\u001b[39m","time":"2017-05-10T14:27:20.585Z","v":0}
{"name":"hexo","hostname":"liguangdeMacBook-Air.local","pid":9720,"level":20,"msg":"Added: \u001b[35mthemes/next/source/css/_variables/base.styl\u001b[39m","time":"2017-05-10T14:27:20.585Z","v":0}
{"name":"hexo","hostname":"liguangdeMacBook-Air.local","pid":9720,"level":20,"msg":"Added: \u001b[35mthemes/next/source/css/main.styl\u001b[39m","time":"2017-05-10T14:27:20.585Z","v":0}
{"name":"hexo","hostname":"liguangdeMacBook-Air.local","pid":9720,"level":20,"msg":"Added: \u001b[35mthemes/next/source/fonts/icon-default/icomoon.svg\u001b[39m","time":"2017-05-10T14:27:20.586Z","v":0}
{"name":"hexo","hostname":"liguangdeMacBook-Air.local","pid":9720,"level":20,"msg":"Added: \u001b[35mthemes/next/source/fonts/icon-default/icomoon.ttf\u001b[39m","time":"2017-05-10T14:27:20.587Z","v":0}
{"name":"hexo","hostname":"liguangdeMacBook-Air.local","pid":9720,"level":20,"msg":"Added: \u001b[35mthemes/next/source/fonts/icon-default/icomoon.woff\u001b[39m","time":"2017-05-10T14:27:20.587Z","v":0}
{"name":"hexo","hostname":"liguangdeMacBook-Air.local","pid":9720,"level":20,"msg":"Added: \u001b[35mthemes/next/source/fonts/icon-feather/icomoon.eot\u001b[39m","time":"2017-05-10T14:27:20.588Z","v":0}
{"name":"hexo","hostname":"liguangdeMacBook-Air.local","pid":9720,"level":20,"msg":"Added: \u001b[35mthemes/next/source/fonts/icon-default/selection.json\u001b[39m","time":"2017-05-10T14:27:20.588Z","v":0}
{"name":"hexo","hostname":"liguangdeMacBook-Air.local","pid":9720,"level":20,"msg":"Added: \u001b[35mthemes/next/source/fonts/icon-feather/icomoon.svg\u001b[39m","time":"2017-05-10T14:27:20.612Z","v":0}
{"name":"hexo","hostname":"liguangdeMacBook-Air.local","pid":9720,"level":20,"msg":"Added: \u001b[35mthemes/next/source/fonts/icon-feather/selection.json\u001b[39m","time":"2017-05-10T14:27:20.616Z","v":0}
{"name":"hexo","hostname":"liguangdeMacBook-Air.local","pid":9720,"level":20,"msg":"Added: \u001b[35mthemes/next/source/fonts/icon-feather/icomoon.ttf\u001b[39m","time":"2017-05-10T14:27:20.616Z","v":0}
{"name":"hexo","hostname":"liguangdeMacBook-Air.local","pid":9720,"level":20,"msg":"Added: \u001b[35mthemes/next/source/fonts/icon-feather/icomoon.woff\u001b[39m","time":"2017-05-10T14:27:20.616Z","v":0}
{"name":"hexo","hostname":"liguangdeMacBook-Air.local","pid":9720,"level":20,"msg":"Added: \u001b[35mthemes/next/source/fonts/icon-fifty-shades/icomoon.eot\u001b[39m","time":"2017-05-10T14:27:20.617Z","v":0}
{"name":"hexo","hostname":"liguangdeMacBook-Air.local","pid":9720,"level":20,"msg":"Added: \u001b[35mthemes/next/source/fonts/icon-fifty-shades/icomoon.svg\u001b[39m","time":"2017-05-10T14:27:20.617Z","v":0}
{"name":"hexo","hostname":"liguangdeMacBook-Air.local","pid":9720,"level":20,"msg":"Added: \u001b[35mthemes/next/source/fonts/icon-fifty-shades/icomoon.woff\u001b[39m","time":"2017-05-10T14:27:20.617Z","v":0}
{"name":"hexo","hostname":"liguangdeMacBook-Air.local","pid":9720,"level":20,"msg":"Added: \u001b[35mthemes/next/source/fonts/icon-fifty-shades/icomoon.ttf\u001b[39m","time":"2017-05-10T14:27:20.617Z","v":0}
{"name":"hexo","hostname":"liguangdeMacBook-Air.local","pid":9720,"level":20,"msg":"Added: \u001b[35mthemes/next/source/fonts/icon-icomoon/icomoon.ttf\u001b[39m","time":"2017-05-10T14:27:20.617Z","v":0}
{"name":"hexo","hostname":"liguangdeMacBook-Air.local","pid":9720,"level":20,"msg":"Added: \u001b[35mthemes/next/source/fonts/icon-fifty-shades/selection.json\u001b[39m","time":"2017-05-10T14:27:20.618Z","v":0}
{"name":"hexo","hostname":"liguangdeMacBook-Air.local","pid":9720,"level":20,"msg":"Added: \u001b[35mthemes/next/source/fonts/icon-icomoon/icomoon.woff\u001b[39m","time":"2017-05-10T14:27:20.618Z","v":0}
{"name":"hexo","hostname":"liguangdeMacBook-Air.local","pid":9720,"level":20,"msg":"Added: \u001b[35mthemes/next/source/fonts/icon-linecons/icomoon.eot\u001b[39m","time":"2017-05-10T14:27:20.618Z","v":0}
{"name":"hexo","hostname":"liguangdeMacBook-Air.local","pid":9720,"level":20,"msg":"Added: \u001b[35mthemes/next/source/fonts/icon-icomoon/icomoon.svg\u001b[39m","time":"2017-05-10T14:27:20.619Z","v":0}
{"name":"hexo","hostname":"liguangdeMacBook-Air.local","pid":9720,"level":20,"msg":"Added: \u001b[35mthemes/next/source/fonts/icon-icomoon/icomoon.eot\u001b[39m","time":"2017-05-10T14:27:20.619Z","v":0}
{"name":"hexo","hostname":"liguangdeMacBook-Air.local","pid":9720,"level":20,"msg":"Added: \u001b[35mthemes/next/source/fonts/icon-linecons/icomoon.ttf\u001b[39m","time":"2017-05-10T14:27:20.620Z","v":0}
{"name":"hexo","hostname":"liguangdeMacBook-Air.local","pid":9720,"level":20,"msg":"Added: \u001b[35mthemes/next/source/fonts/icon-linecons/icomoon.svg\u001b[39m","time":"2017-05-10T14:27:20.620Z","v":0}
{"name":"hexo","hostname":"liguangdeMacBook-Air.local","pid":9720,"level":20,"msg":"Added: \u001b[35mthemes/next/source/fonts/icon-linecons/icomoon.woff\u001b[39m","time":"2017-05-10T14:27:20.620Z","v":0}
{"name":"hexo","hostname":"liguangdeMacBook-Air.local","pid":9720,"level":20,"msg":"Added: \u001b[35mthemes/next/source/images/cc-by-nc-nd.svg\u001b[39m","time":"2017-05-10T14:27:20.621Z","v":0}
{"name":"hexo","hostname":"liguangdeMacBook-Air.local","pid":9720,"level":20,"msg":"Added: \u001b[35mthemes/next/source/fonts/icon-linecons/selection.json\u001b[39m","time":"2017-05-10T14:27:20.621Z","v":0}
{"name":"hexo","hostname":"liguangdeMacBook-Air.local","pid":9720,"level":20,"msg":"Added: \u001b[35mthemes/next/source/images/cc-by-nd.svg\u001b[39m","time":"2017-05-10T14:27:20.621Z","v":0}
{"name":"hexo","hostname":"liguangdeMacBook-Air.local","pid":9720,"level":20,"msg":"Added: \u001b[35mthemes/next/source/images/bkdefault_avatar.jpg\u001b[39m","time":"2017-05-10T14:27:20.621Z","v":0}
{"name":"hexo","hostname":"liguangdeMacBook-Air.local","pid":9720,"level":20,"msg":"Added: \u001b[35mthemes/next/source/images/cc-by-nc-sa.svg\u001b[39m","time":"2017-05-10T14:27:20.621Z","v":0}
{"name":"hexo","hostname":"liguangdeMacBook-Air.local","pid":9720,"level":20,"msg":"Added: \u001b[35mthemes/next/source/images/cc-by-nc.svg\u001b[39m","time":"2017-05-10T14:27:20.622Z","v":0}
{"name":"hexo","hostname":"liguangdeMacBook-Air.local","pid":9720,"level":20,"msg":"Added: \u001b[35mthemes/next/source/images/loading.gif\u001b[39m","time":"2017-05-10T14:27:20.623Z","v":0}
{"name":"hexo","hostname":"liguangdeMacBook-Air.local","pid":9720,"level":20,"msg":"Added: \u001b[35mthemes/next/source/images/cc-zero.svg\u001b[39m","time":"2017-05-10T14:27:20.623Z","v":0}
{"name":"hexo","hostname":"liguangdeMacBook-Air.local","pid":9720,"level":20,"msg":"Added: \u001b[35mthemes/next/source/images/cc-by-sa.svg\u001b[39m","time":"2017-05-10T14:27:20.623Z","v":0}
{"name":"hexo","hostname":"liguangdeMacBook-Air.local","pid":9720,"level":20,"msg":"Added: \u001b[35mthemes/next/source/js/bootstrap.scrollspy.js\u001b[39m","time":"2017-05-10T14:27:20.624Z","v":0}
{"name":"hexo","hostname":"liguangdeMacBook-Air.local","pid":9720,"level":20,"msg":"Added: \u001b[35mthemes/next/source/images/cc-by.svg\u001b[39m","time":"2017-05-10T14:27:20.624Z","v":0}
{"name":"hexo","hostname":"liguangdeMacBook-Air.local","pid":9720,"level":20,"msg":"Added: \u001b[35mthemes/next/source/images/placeholder.gif\u001b[39m","time":"2017-05-10T14:27:20.624Z","v":0}
{"name":"hexo","hostname":"liguangdeMacBook-Air.local","pid":9720,"level":20,"msg":"Added: \u001b[35mthemes/next/source/images/searchicon.png\u001b[39m","time":"2017-05-10T14:27:20.624Z","v":0}
{"name":"hexo","hostname":"liguangdeMacBook-Air.local","pid":9720,"level":20,"msg":"Added: \u001b[35mthemes/next/source/js/hook-duoshuo.js\u001b[39m","time":"2017-05-10T14:27:20.625Z","v":0}
{"name":"hexo","hostname":"liguangdeMacBook-Air.local","pid":9720,"level":20,"msg":"Added: \u001b[35mthemes/next/source/js/fancy-box.js\u001b[39m","time":"2017-05-10T14:27:20.625Z","v":0}
{"name":"hexo","hostname":"liguangdeMacBook-Air.local","pid":9720,"level":20,"msg":"Added: \u001b[35mthemes/next/source/js/lazyload.js\u001b[39m","time":"2017-05-10T14:27:20.625Z","v":0}
{"name":"hexo","hostname":"liguangdeMacBook-Air.local","pid":9720,"level":20,"msg":"Added: \u001b[35mthemes/next/source/js/helpers.js\u001b[39m","time":"2017-05-10T14:27:20.625Z","v":0}
{"name":"hexo","hostname":"liguangdeMacBook-Air.local","pid":9720,"level":20,"msg":"Added: \u001b[35mthemes/next/source/js/nav-toggle.js\u001b[39m","time":"2017-05-10T14:27:20.625Z","v":0}
{"name":"hexo","hostname":"liguangdeMacBook-Air.local","pid":9720,"level":20,"msg":"Added: \u001b[35mthemes/next/source/js/ua-parser.min.js\u001b[39m","time":"2017-05-10T14:27:20.625Z","v":0}
{"name":"hexo","hostname":"liguangdeMacBook-Air.local","pid":9720,"level":20,"msg":"Added: \u001b[35mthemes/next/source/js/motion_fallback.js\u001b[39m","time":"2017-05-10T14:27:20.625Z","v":0}
{"name":"hexo","hostname":"liguangdeMacBook-Air.local","pid":9720,"level":20,"msg":"Added: \u001b[35mthemes/next/source/js/motion_global.js\u001b[39m","time":"2017-05-10T14:27:20.626Z","v":0}
{"name":"hexo","hostname":"liguangdeMacBook-Air.local","pid":9720,"level":20,"msg":"Added: \u001b[35mthemes/next/source/vendors/fancybox/source/blank.gif\u001b[39m","time":"2017-05-10T14:27:20.626Z","v":0}
{"name":"hexo","hostname":"liguangdeMacBook-Air.local","pid":9720,"level":20,"msg":"Added: \u001b[35mthemes/next/source/vendors/fancybox/source/fancybox_loading.gif\u001b[39m","time":"2017-05-10T14:27:20.626Z","v":0}
{"name":"hexo","hostname":"liguangdeMacBook-Air.local","pid":9720,"level":20,"msg":"Added: \u001b[35mthemes/next/source/vendors/fancybox/source/fancybox_overlay.png\u001b[39m","time":"2017-05-10T14:27:20.627Z","v":0}
{"name":"hexo","hostname":"liguangdeMacBook-Air.local","pid":9720,"level":20,"msg":"Added: \u001b[35mthemes/next/source/vendors/fancybox/source/fancybox_loading@2x.gif\u001b[39m","time":"2017-05-10T14:27:20.627Z","v":0}
{"name":"hexo","hostname":"liguangdeMacBook-Air.local","pid":9720,"level":20,"msg":"Added: \u001b[35mthemes/next/source/vendors/fancybox/source/fancybox_sprite.png\u001b[39m","time":"2017-05-10T14:27:20.627Z","v":0}
{"name":"hexo","hostname":"liguangdeMacBook-Air.local","pid":9720,"level":20,"msg":"Added: \u001b[35mthemes/next/source/vendors/fancybox/source/helpers/fancybox_buttons.png\u001b[39m","time":"2017-05-10T14:27:20.628Z","v":0}
{"name":"hexo","hostname":"liguangdeMacBook-Air.local","pid":9720,"level":20,"msg":"Added: \u001b[35mthemes/next/source/vendors/fancybox/source/helpers/jquery.fancybox-buttons.js\u001b[39m","time":"2017-05-10T14:27:20.628Z","v":0}
{"name":"hexo","hostname":"liguangdeMacBook-Air.local","pid":9720,"level":20,"msg":"Added: \u001b[35mthemes/next/source/vendors/fancybox/source/fancybox_sprite@2x.png\u001b[39m","time":"2017-05-10T14:27:20.628Z","v":0}
{"name":"hexo","hostname":"liguangdeMacBook-Air.local","pid":9720,"level":20,"msg":"Added: \u001b[35mthemes/next/source/vendors/fancybox/source/helpers/jquery.fancybox-buttons.css\u001b[39m","time":"2017-05-10T14:27:20.628Z","v":0}
{"name":"hexo","hostname":"liguangdeMacBook-Air.local","pid":9720,"level":20,"msg":"Added: \u001b[35mthemes/next/source/vendors/fancybox/source/helpers/jquery.fancybox-media.js\u001b[39m","time":"2017-05-10T14:27:20.628Z","v":0}
{"name":"hexo","hostname":"liguangdeMacBook-Air.local","pid":9720,"level":20,"msg":"Added: \u001b[35mthemes/next/source/vendors/fancybox/source/helpers/jquery.fancybox-thumbs.js\u001b[39m","time":"2017-05-10T14:27:20.628Z","v":0}
{"name":"hexo","hostname":"liguangdeMacBook-Air.local","pid":9720,"level":20,"msg":"Added: \u001b[35mthemes/next/source/vendors/fancybox/source/jquery.fancybox.css\u001b[39m","time":"2017-05-10T14:27:20.628Z","v":0}
{"name":"hexo","hostname":"liguangdeMacBook-Air.local","pid":9720,"level":20,"msg":"Added: \u001b[35mthemes/next/source/vendors/fancybox/source/helpers/jquery.fancybox-thumbs.css\u001b[39m","time":"2017-05-10T14:27:20.630Z","v":0}
{"name":"hexo","hostname":"liguangdeMacBook-Air.local","pid":9720,"level":20,"msg":"Added: \u001b[35mthemes/next/source/vendors/fastclick/LICENSE\u001b[39m","time":"2017-05-10T14:27:20.630Z","v":0}
{"name":"hexo","hostname":"liguangdeMacBook-Air.local","pid":9720,"level":20,"msg":"Added: \u001b[35mthemes/next/source/vendors/fancybox/source/jquery.fancybox.pack.js\u001b[39m","time":"2017-05-10T14:27:20.630Z","v":0}
{"name":"hexo","hostname":"liguangdeMacBook-Air.local","pid":9720,"level":20,"msg":"Added: \u001b[35mthemes/next/source/vendors/fastclick/README.md\u001b[39m","time":"2017-05-10T14:27:20.630Z","v":0}
{"name":"hexo","hostname":"liguangdeMacBook-Air.local","pid":9720,"level":20,"msg":"Added: \u001b[35mthemes/next/source/vendors/fancybox/source/jquery.fancybox.js\u001b[39m","time":"2017-05-10T14:27:20.630Z","v":0}
{"name":"hexo","hostname":"liguangdeMacBook-Air.local","pid":9720,"level":20,"msg":"Added: \u001b[35mthemes/next/source/vendors/fastclick/lib/fastclick.min.js\u001b[39m","time":"2017-05-10T14:27:20.631Z","v":0}
{"name":"hexo","hostname":"liguangdeMacBook-Air.local","pid":9720,"level":20,"msg":"Added: \u001b[35mthemes/next/source/vendors/fastclick/bower.json\u001b[39m","time":"2017-05-10T14:27:20.631Z","v":0}
{"name":"hexo","hostname":"liguangdeMacBook-Air.local","pid":9720,"level":20,"msg":"Added: \u001b[35mthemes/next/source/vendors/fastclick/lib/fastclick.js\u001b[39m","time":"2017-05-10T14:27:20.631Z","v":0}
{"name":"hexo","hostname":"liguangdeMacBook-Air.local","pid":9720,"level":20,"msg":"Added: \u001b[35mthemes/next/source/vendors/velocity/bower.json\u001b[39m","time":"2017-05-10T14:27:20.632Z","v":0}
{"name":"hexo","hostname":"liguangdeMacBook-Air.local","pid":9720,"level":20,"msg":"Added: \u001b[35mthemes/next/source/vendors/velocity/velocity.min.js\u001b[39m","time":"2017-05-10T14:27:20.632Z","v":0}
{"name":"hexo","hostname":"liguangdeMacBook-Air.local","pid":9720,"level":20,"msg":"Added: \u001b[35mthemes/next/source/vendors/velocity/velocity.ui.js\u001b[39m","time":"2017-05-10T14:27:20.632Z","v":0}
{"name":"hexo","hostname":"liguangdeMacBook-Air.local","pid":9720,"level":20,"msg":"Added: \u001b[35mthemes/next/test/helpers.js\u001b[39m","time":"2017-05-10T14:27:20.632Z","v":0}
{"name":"hexo","hostname":"liguangdeMacBook-Air.local","pid":9720,"level":20,"msg":"Added: \u001b[35mthemes/next/test/intern.js\u001b[39m","time":"2017-05-10T14:27:20.632Z","v":0}
{"name":"hexo","hostname":"liguangdeMacBook-Air.local","pid":9720,"level":20,"msg":"Added: \u001b[35mthemes/next/source/vendors/velocity/velocity.ui.min.js\u001b[39m","time":"2017-05-10T14:27:20.633Z","v":0}
{"name":"hexo","hostname":"liguangdeMacBook-Air.local","pid":9720,"level":20,"msg":"Added: \u001b[35mthemes/next/source/vendors/jquery/index.js\u001b[39m","time":"2017-05-10T14:27:20.641Z","v":0}
{"name":"hexo","hostname":"liguangdeMacBook-Air.local","pid":9720,"level":20,"msg":"Added: \u001b[35mthemes/next/source/vendors/velocity/velocity.js\u001b[39m","time":"2017-05-10T14:27:20.642Z","v":0}
{"name":"hexo","hostname":"liguangdeMacBook-Air.local","pid":9720,"level":20,"msg":"Processed: \u001b[35msource/vendors/velocity/velocity.ui.min.js\u001b[39m","time":"2017-05-10T14:27:20.648Z","v":0}
{"name":"hexo","hostname":"liguangdeMacBook-Air.local","pid":9720,"level":20,"msg":"Processed: \u001b[35msource/vendors/velocity/velocity.ui.js\u001b[39m","time":"2017-05-10T14:27:20.649Z","v":0}
{"name":"hexo","hostname":"liguangdeMacBook-Air.local","pid":9720,"level":20,"msg":"Processed: \u001b[35msource/vendors/velocity/velocity.min.js\u001b[39m","time":"2017-05-10T14:27:20.651Z","v":0}
{"name":"hexo","hostname":"liguangdeMacBook-Air.local","pid":9720,"level":20,"msg":"Processed: \u001b[35msource/vendors/velocity/velocity.js\u001b[39m","time":"2017-05-10T14:27:20.652Z","v":0}
{"name":"hexo","hostname":"liguangdeMacBook-Air.local","pid":9720,"level":20,"msg":"Processed: \u001b[35msource/vendors/velocity/bower.json\u001b[39m","time":"2017-05-10T14:27:20.652Z","v":0}
{"name":"hexo","hostname":"liguangdeMacBook-Air.local","pid":9720,"level":20,"msg":"Processed: \u001b[35msource/vendors/jquery/index.js\u001b[39m","time":"2017-05-10T14:27:20.653Z","v":0}
{"name":"hexo","hostname":"liguangdeMacBook-Air.local","pid":9720,"level":20,"msg":"Processed: \u001b[35msource/vendors/fastclick/lib/fastclick.min.js\u001b[39m","time":"2017-05-10T14:27:20.654Z","v":0}
{"name":"hexo","hostname":"liguangdeMacBook-Air.local","pid":9720,"level":20,"msg":"Processed: \u001b[35msource/vendors/fastclick/lib/fastclick.js\u001b[39m","time":"2017-05-10T14:27:20.654Z","v":0}
{"name":"hexo","hostname":"liguangdeMacBook-Air.local","pid":9720,"level":20,"msg":"Processed: \u001b[35msource/vendors/fastclick/bower.json\u001b[39m","time":"2017-05-10T14:27:20.669Z","v":0}
{"name":"hexo","hostname":"liguangdeMacBook-Air.local","pid":9720,"level":20,"msg":"Processed: \u001b[35msource/vendors/fastclick/README.md\u001b[39m","time":"2017-05-10T14:27:20.670Z","v":0}
{"name":"hexo","hostname":"liguangdeMacBook-Air.local","pid":9720,"level":20,"msg":"Processed: \u001b[35msource/vendors/fastclick/LICENSE\u001b[39m","time":"2017-05-10T14:27:20.670Z","v":0}
{"name":"hexo","hostname":"liguangdeMacBook-Air.local","pid":9720,"level":20,"msg":"Processed: \u001b[35msource/vendors/fancybox/source/jquery.fancybox.pack.js\u001b[39m","time":"2017-05-10T14:27:20.671Z","v":0}
{"name":"hexo","hostname":"liguangdeMacBook-Air.local","pid":9720,"level":20,"msg":"Processed: \u001b[35msource/vendors/fancybox/source/jquery.fancybox.js\u001b[39m","time":"2017-05-10T14:27:20.671Z","v":0}
{"name":"hexo","hostname":"liguangdeMacBook-Air.local","pid":9720,"level":20,"msg":"Processed: \u001b[35msource/vendors/fancybox/source/jquery.fancybox.css\u001b[39m","time":"2017-05-10T14:27:20.672Z","v":0}
{"name":"hexo","hostname":"liguangdeMacBook-Air.local","pid":9720,"level":20,"msg":"Processed: \u001b[35msource/vendors/fancybox/source/helpers/jquery.fancybox-thumbs.js\u001b[39m","time":"2017-05-10T14:27:20.673Z","v":0}
{"name":"hexo","hostname":"liguangdeMacBook-Air.local","pid":9720,"level":20,"msg":"Processed: \u001b[35msource/vendors/fancybox/source/helpers/jquery.fancybox-thumbs.css\u001b[39m","time":"2017-05-10T14:27:20.673Z","v":0}
{"name":"hexo","hostname":"liguangdeMacBook-Air.local","pid":9720,"level":20,"msg":"Processed: \u001b[35msource/vendors/fancybox/source/helpers/jquery.fancybox-media.js\u001b[39m","time":"2017-05-10T14:27:20.674Z","v":0}
{"name":"hexo","hostname":"liguangdeMacBook-Air.local","pid":9720,"level":20,"msg":"Processed: \u001b[35msource/vendors/fancybox/source/helpers/jquery.fancybox-buttons.js\u001b[39m","time":"2017-05-10T14:27:20.674Z","v":0}
{"name":"hexo","hostname":"liguangdeMacBook-Air.local","pid":9720,"level":20,"msg":"Processed: \u001b[35msource/vendors/fancybox/source/helpers/jquery.fancybox-buttons.css\u001b[39m","time":"2017-05-10T14:27:20.675Z","v":0}
{"name":"hexo","hostname":"liguangdeMacBook-Air.local","pid":9720,"level":20,"msg":"Processed: \u001b[35msource/vendors/fancybox/source/helpers/fancybox_buttons.png\u001b[39m","time":"2017-05-10T14:27:20.675Z","v":0}
{"name":"hexo","hostname":"liguangdeMacBook-Air.local","pid":9720,"level":20,"msg":"Processed: \u001b[35msource/vendors/fancybox/source/fancybox_sprite@2x.png\u001b[39m","time":"2017-05-10T14:27:20.676Z","v":0}
{"name":"hexo","hostname":"liguangdeMacBook-Air.local","pid":9720,"level":20,"msg":"Processed: \u001b[35msource/vendors/fancybox/source/fancybox_sprite.png\u001b[39m","time":"2017-05-10T14:27:20.676Z","v":0}
{"name":"hexo","hostname":"liguangdeMacBook-Air.local","pid":9720,"level":20,"msg":"Processed: \u001b[35msource/vendors/fancybox/source/fancybox_overlay.png\u001b[39m","time":"2017-05-10T14:27:20.677Z","v":0}
{"name":"hexo","hostname":"liguangdeMacBook-Air.local","pid":9720,"level":20,"msg":"Processed: \u001b[35msource/vendors/fancybox/source/fancybox_loading@2x.gif\u001b[39m","time":"2017-05-10T14:27:20.677Z","v":0}
{"name":"hexo","hostname":"liguangdeMacBook-Air.local","pid":9720,"level":20,"msg":"Processed: \u001b[35msource/vendors/fancybox/source/fancybox_loading.gif\u001b[39m","time":"2017-05-10T14:27:20.678Z","v":0}
{"name":"hexo","hostname":"liguangdeMacBook-Air.local","pid":9720,"level":20,"msg":"Processed: \u001b[35msource/vendors/fancybox/source/blank.gif\u001b[39m","time":"2017-05-10T14:27:20.678Z","v":0}
{"name":"hexo","hostname":"liguangdeMacBook-Air.local","pid":9720,"level":20,"msg":"Processed: \u001b[35msource/js/ua-parser.min.js\u001b[39m","time":"2017-05-10T14:27:20.679Z","v":0}
{"name":"hexo","hostname":"liguangdeMacBook-Air.local","pid":9720,"level":20,"msg":"Processed: \u001b[35msource/js/nav-toggle.js\u001b[39m","time":"2017-05-10T14:27:20.680Z","v":0}
{"name":"hexo","hostname":"liguangdeMacBook-Air.local","pid":9720,"level":20,"msg":"Processed: \u001b[35msource/js/motion_global.js\u001b[39m","time":"2017-05-10T14:27:20.681Z","v":0}
{"name":"hexo","hostname":"liguangdeMacBook-Air.local","pid":9720,"level":20,"msg":"Processed: \u001b[35msource/js/motion_fallback.js\u001b[39m","time":"2017-05-10T14:27:20.682Z","v":0}
{"name":"hexo","hostname":"liguangdeMacBook-Air.local","pid":9720,"level":20,"msg":"Processed: \u001b[35msource/js/lazyload.js\u001b[39m","time":"2017-05-10T14:27:20.683Z","v":0}
{"name":"hexo","hostname":"liguangdeMacBook-Air.local","pid":9720,"level":20,"msg":"Processed: \u001b[35msource/js/hook-duoshuo.js\u001b[39m","time":"2017-05-10T14:27:20.683Z","v":0}
{"name":"hexo","hostname":"liguangdeMacBook-Air.local","pid":9720,"level":20,"msg":"Processed: \u001b[35msource/js/helpers.js\u001b[39m","time":"2017-05-10T14:27:20.684Z","v":0}
{"name":"hexo","hostname":"liguangdeMacBook-Air.local","pid":9720,"level":20,"msg":"Processed: \u001b[35msource/js/fancy-box.js\u001b[39m","time":"2017-05-10T14:27:20.685Z","v":0}
{"name":"hexo","hostname":"liguangdeMacBook-Air.local","pid":9720,"level":20,"msg":"Processed: \u001b[35msource/js/bootstrap.scrollspy.js\u001b[39m","time":"2017-05-10T14:27:20.685Z","v":0}
{"name":"hexo","hostname":"liguangdeMacBook-Air.local","pid":9720,"level":20,"msg":"Processed: \u001b[35msource/images/searchicon.png\u001b[39m","time":"2017-05-10T14:27:20.686Z","v":0}
{"name":"hexo","hostname":"liguangdeMacBook-Air.local","pid":9720,"level":20,"msg":"Processed: \u001b[35msource/images/placeholder.gif\u001b[39m","time":"2017-05-10T14:27:20.686Z","v":0}
{"name":"hexo","hostname":"liguangdeMacBook-Air.local","pid":9720,"level":20,"msg":"Processed: \u001b[35msource/images/loading.gif\u001b[39m","time":"2017-05-10T14:27:20.687Z","v":0}
{"name":"hexo","hostname":"liguangdeMacBook-Air.local","pid":9720,"level":20,"msg":"Processed: \u001b[35msource/images/cc-zero.svg\u001b[39m","time":"2017-05-10T14:27:20.687Z","v":0}
{"name":"hexo","hostname":"liguangdeMacBook-Air.local","pid":9720,"level":20,"msg":"Processed: \u001b[35msource/images/cc-by.svg\u001b[39m","time":"2017-05-10T14:27:20.687Z","v":0}
{"name":"hexo","hostname":"liguangdeMacBook-Air.local","pid":9720,"level":20,"msg":"Processed: \u001b[35msource/images/cc-by-sa.svg\u001b[39m","time":"2017-05-10T14:27:20.688Z","v":0}
{"name":"hexo","hostname":"liguangdeMacBook-Air.local","pid":9720,"level":20,"msg":"Processed: \u001b[35msource/images/cc-by-nd.svg\u001b[39m","time":"2017-05-10T14:27:20.688Z","v":0}
{"name":"hexo","hostname":"liguangdeMacBook-Air.local","pid":9720,"level":20,"msg":"Processed: \u001b[35msource/images/cc-by-nc.svg\u001b[39m","time":"2017-05-10T14:27:20.688Z","v":0}
{"name":"hexo","hostname":"liguangdeMacBook-Air.local","pid":9720,"level":20,"msg":"Processed: \u001b[35msource/images/cc-by-nc-sa.svg\u001b[39m","time":"2017-05-10T14:27:20.689Z","v":0}
{"name":"hexo","hostname":"liguangdeMacBook-Air.local","pid":9720,"level":20,"msg":"Processed: \u001b[35msource/images/cc-by-nc-nd.svg\u001b[39m","time":"2017-05-10T14:27:20.690Z","v":0}
{"name":"hexo","hostname":"liguangdeMacBook-Air.local","pid":9720,"level":20,"msg":"Processed: \u001b[35msource/images/bkdefault_avatar.jpg\u001b[39m","time":"2017-05-10T14:27:20.691Z","v":0}
{"name":"hexo","hostname":"liguangdeMacBook-Air.local","pid":9720,"level":20,"msg":"Processed: \u001b[35msource/fonts/icon-linecons/selection.json\u001b[39m","time":"2017-05-10T14:27:20.691Z","v":0}
{"name":"hexo","hostname":"liguangdeMacBook-Air.local","pid":9720,"level":20,"msg":"Processed: \u001b[35msource/fonts/icon-linecons/icomoon.woff\u001b[39m","time":"2017-05-10T14:27:20.692Z","v":0}
{"name":"hexo","hostname":"liguangdeMacBook-Air.local","pid":9720,"level":20,"msg":"Processed: \u001b[35msource/fonts/icon-linecons/icomoon.ttf\u001b[39m","time":"2017-05-10T14:27:20.693Z","v":0}
{"name":"hexo","hostname":"liguangdeMacBook-Air.local","pid":9720,"level":20,"msg":"Processed: \u001b[35msource/fonts/icon-linecons/icomoon.svg\u001b[39m","time":"2017-05-10T14:27:20.694Z","v":0}
{"name":"hexo","hostname":"liguangdeMacBook-Air.local","pid":9720,"level":20,"msg":"Processed: \u001b[35msource/fonts/icon-linecons/icomoon.eot\u001b[39m","time":"2017-05-10T14:27:20.694Z","v":0}
{"name":"hexo","hostname":"liguangdeMacBook-Air.local","pid":9720,"level":20,"msg":"Processed: \u001b[35msource/fonts/icon-icomoon/icomoon.woff\u001b[39m","time":"2017-05-10T14:27:20.695Z","v":0}
{"name":"hexo","hostname":"liguangdeMacBook-Air.local","pid":9720,"level":20,"msg":"Processed: \u001b[35msource/fonts/icon-icomoon/icomoon.ttf\u001b[39m","time":"2017-05-10T14:27:20.695Z","v":0}
{"name":"hexo","hostname":"liguangdeMacBook-Air.local","pid":9720,"level":20,"msg":"Processed: \u001b[35msource/fonts/icon-icomoon/icomoon.svg\u001b[39m","time":"2017-05-10T14:27:20.695Z","v":0}
{"name":"hexo","hostname":"liguangdeMacBook-Air.local","pid":9720,"level":20,"msg":"Processed: \u001b[35msource/fonts/icon-icomoon/icomoon.eot\u001b[39m","time":"2017-05-10T14:27:20.696Z","v":0}
{"name":"hexo","hostname":"liguangdeMacBook-Air.local","pid":9720,"level":20,"msg":"Processed: \u001b[35msource/fonts/icon-fifty-shades/selection.json\u001b[39m","time":"2017-05-10T14:27:20.696Z","v":0}
{"name":"hexo","hostname":"liguangdeMacBook-Air.local","pid":9720,"level":20,"msg":"Processed: \u001b[35msource/fonts/icon-fifty-shades/icomoon.woff\u001b[39m","time":"2017-05-10T14:27:20.696Z","v":0}
{"name":"hexo","hostname":"liguangdeMacBook-Air.local","pid":9720,"level":20,"msg":"Processed: \u001b[35msource/fonts/icon-fifty-shades/icomoon.ttf\u001b[39m","time":"2017-05-10T14:27:20.697Z","v":0}
{"name":"hexo","hostname":"liguangdeMacBook-Air.local","pid":9720,"level":20,"msg":"Processed: \u001b[35msource/fonts/icon-fifty-shades/icomoon.svg\u001b[39m","time":"2017-05-10T14:27:20.698Z","v":0}
{"name":"hexo","hostname":"liguangdeMacBook-Air.local","pid":9720,"level":20,"msg":"Processed: \u001b[35msource/fonts/icon-fifty-shades/icomoon.eot\u001b[39m","time":"2017-05-10T14:27:20.698Z","v":0}
{"name":"hexo","hostname":"liguangdeMacBook-Air.local","pid":9720,"level":20,"msg":"Processed: \u001b[35msource/fonts/icon-feather/selection.json\u001b[39m","time":"2017-05-10T14:27:20.699Z","v":0}
{"name":"hexo","hostname":"liguangdeMacBook-Air.local","pid":9720,"level":20,"msg":"Processed: \u001b[35msource/fonts/icon-feather/icomoon.woff\u001b[39m","time":"2017-05-10T14:27:20.699Z","v":0}
{"name":"hexo","hostname":"liguangdeMacBook-Air.local","pid":9720,"level":20,"msg":"Processed: \u001b[35msource/fonts/icon-feather/icomoon.ttf\u001b[39m","time":"2017-05-10T14:27:20.699Z","v":0}
{"name":"hexo","hostname":"liguangdeMacBook-Air.local","pid":9720,"level":20,"msg":"Processed: \u001b[35msource/fonts/icon-feather/icomoon.svg\u001b[39m","time":"2017-05-10T14:27:20.700Z","v":0}
{"name":"hexo","hostname":"liguangdeMacBook-Air.local","pid":9720,"level":20,"msg":"Processed: \u001b[35msource/fonts/icon-feather/icomoon.eot\u001b[39m","time":"2017-05-10T14:27:20.700Z","v":0}
{"name":"hexo","hostname":"liguangdeMacBook-Air.local","pid":9720,"level":20,"msg":"Processed: \u001b[35msource/fonts/icon-default/selection.json\u001b[39m","time":"2017-05-10T14:27:20.700Z","v":0}
{"name":"hexo","hostname":"liguangdeMacBook-Air.local","pid":9720,"level":20,"msg":"Processed: \u001b[35msource/fonts/icon-default/icomoon.woff\u001b[39m","time":"2017-05-10T14:27:20.700Z","v":0}
{"name":"hexo","hostname":"liguangdeMacBook-Air.local","pid":9720,"level":20,"msg":"Processed: \u001b[35msource/fonts/icon-default/icomoon.ttf\u001b[39m","time":"2017-05-10T14:27:20.701Z","v":0}
{"name":"hexo","hostname":"liguangdeMacBook-Air.local","pid":9720,"level":20,"msg":"Processed: \u001b[35msource/fonts/icon-default/icomoon.svg\u001b[39m","time":"2017-05-10T14:27:20.701Z","v":0}
{"name":"hexo","hostname":"liguangdeMacBook-Air.local","pid":9720,"level":20,"msg":"Processed: \u001b[35msource/fonts/icon-default/icomoon.eot\u001b[39m","time":"2017-05-10T14:27:20.701Z","v":0}
{"name":"hexo","hostname":"liguangdeMacBook-Air.local","pid":9720,"level":20,"msg":"Processed: \u001b[35msource/css/main.styl\u001b[39m","time":"2017-05-10T14:27:20.702Z","v":0}
{"name":"hexo","hostname":"liguangdeMacBook-Air.local","pid":9720,"level":20,"msg":"Processed: \u001b[35mlayout/tag.swig\u001b[39m","time":"2017-05-10T14:27:20.706Z","v":0}
{"name":"hexo","hostname":"liguangdeMacBook-Air.local","pid":9720,"level":20,"msg":"Processed: \u001b[35mlayout/post.swig\u001b[39m","time":"2017-05-10T14:27:20.707Z","v":0}
{"name":"hexo","hostname":"liguangdeMacBook-Air.local","pid":9720,"level":20,"msg":"Processed: \u001b[35mlayout/page.swig\u001b[39m","time":"2017-05-10T14:27:20.708Z","v":0}
{"name":"hexo","hostname":"liguangdeMacBook-Air.local","pid":9720,"level":20,"msg":"Processed: \u001b[35mlayout/index.swig\u001b[39m","time":"2017-05-10T14:27:20.709Z","v":0}
{"name":"hexo","hostname":"liguangdeMacBook-Air.local","pid":9720,"level":20,"msg":"Processed: \u001b[35mlayout/category.swig\u001b[39m","time":"2017-05-10T14:27:20.711Z","v":0}
{"name":"hexo","hostname":"liguangdeMacBook-Air.local","pid":9720,"level":20,"msg":"Processed: \u001b[35mlayout/archive.swig\u001b[39m","time":"2017-05-10T14:27:20.712Z","v":0}
{"name":"hexo","hostname":"liguangdeMacBook-Air.local","pid":9720,"level":20,"msg":"Processed: \u001b[35mlayout/_scripts/pages/post-details.swig\u001b[39m","time":"2017-05-10T14:27:20.713Z","v":0}
{"name":"hexo","hostname":"liguangdeMacBook-Air.local","pid":9720,"level":20,"msg":"Processed: \u001b[35mlayout/_scripts/motion.swig\u001b[39m","time":"2017-05-10T14:27:20.714Z","v":0}
{"name":"hexo","hostname":"liguangdeMacBook-Air.local","pid":9720,"level":20,"msg":"Processed: \u001b[35mlayout/_scripts/mathjax.swig\u001b[39m","time":"2017-05-10T14:27:20.717Z","v":0}
{"name":"hexo","hostname":"liguangdeMacBook-Air.local","pid":9720,"level":20,"msg":"Processed: \u001b[35mlayout/_scripts/helpers.swig\u001b[39m","time":"2017-05-10T14:27:20.718Z","v":0}
{"name":"hexo","hostname":"liguangdeMacBook-Air.local","pid":9720,"level":20,"msg":"Processed: \u001b[35mlayout/_scripts/fancy-box.swig\u001b[39m","time":"2017-05-10T14:27:20.719Z","v":0}
{"name":"hexo","hostname":"liguangdeMacBook-Air.local","pid":9720,"level":20,"msg":"Processed: \u001b[35mlayout/_scripts/comments/duoshuo.swig\u001b[39m","time":"2017-05-10T14:27:20.721Z","v":0}
{"name":"hexo","hostname":"liguangdeMacBook-Air.local","pid":9720,"level":20,"msg":"Processed: \u001b[35mlayout/_scripts/comments/disqus.swig\u001b[39m","time":"2017-05-10T14:27:20.722Z","v":0}
{"name":"hexo","hostname":"liguangdeMacBook-Air.local","pid":9720,"level":20,"msg":"Processed: \u001b[35mlayout/_scripts/bootstrap.scrollspy.swig\u001b[39m","time":"2017-05-10T14:27:20.723Z","v":0}
{"name":"hexo","hostname":"liguangdeMacBook-Air.local","pid":9720,"level":20,"msg":"Added: \u001b[35msource/images/shouzhangben.jpg\u001b[39m","time":"2017-05-10T14:27:20.724Z","v":0}
{"name":"hexo","hostname":"liguangdeMacBook-Air.local","pid":9720,"level":20,"msg":"Processed: \u001b[35mCNAME\u001b[39m","time":"2017-05-10T14:27:20.726Z","v":0}
{"name":"hexo","hostname":"liguangdeMacBook-Air.local","pid":9720,"level":20,"msg":"Processed: \u001b[35mlayout/_scripts/baidushare.swig\u001b[39m","time":"2017-05-10T14:27:20.727Z","v":0}
{"name":"hexo","hostname":"liguangdeMacBook-Air.local","pid":9720,"level":20,"msg":"Processed: \u001b[35mtags/index.md\u001b[39m","time":"2017-05-10T14:27:20.732Z","v":0}
{"name":"hexo","hostname":"liguangdeMacBook-Air.local","pid":9720,"level":20,"msg":"Processed: \u001b[35mimages/shouzhangben.jpg\u001b[39m","time":"2017-05-10T14:27:20.733Z","v":0}
{"name":"hexo","hostname":"liguangdeMacBook-Air.local","pid":9720,"level":20,"msg":"Processed: \u001b[35mimages/avatar.jpg\u001b[39m","time":"2017-05-10T14:27:20.733Z","v":0}
{"name":"hexo","hostname":"liguangdeMacBook-Air.local","pid":9720,"level":20,"msg":"Processed: \u001b[35mfavicon/favicon.ico\u001b[39m","time":"2017-05-10T14:27:20.735Z","v":0}
{"name":"hexo","hostname":"liguangdeMacBook-Air.local","pid":9720,"level":20,"msg":"Processed: \u001b[35mlayout/_scripts/analytics.swig\u001b[39m","time":"2017-05-10T14:27:20.736Z","v":0}
{"name":"hexo","hostname":"liguangdeMacBook-Air.local","pid":9720,"level":50,"err":{"message":"can not read a block mapping entry; a multiline key may not be an implicit key at line 4, column 1:\n    \n    ^","name":"YAMLException","stack":"YAMLException: can not read a block mapping entry; a multiline key may not be an implicit key at line 4, column 1:\n    \n    ^\n    at generateError (/Users/GGuang/blog/node_modules/hexo/node_modules/js-yaml/lib/js-yaml/loader.js:160:10)\n    at throwError (/Users/GGuang/blog/node_modules/hexo/node_modules/js-yaml/lib/js-yaml/loader.js:166:9)\n    at readBlockMapping (/Users/GGuang/blog/node_modules/hexo/node_modules/js-yaml/lib/js-yaml/loader.js:1027:9)\n    at composeNode (/Users/GGuang/blog/node_modules/hexo/node_modules/js-yaml/lib/js-yaml/loader.js:1315:12)\n    at readDocument (/Users/GGuang/blog/node_modules/hexo/node_modules/js-yaml/lib/js-yaml/loader.js:1478:3)\n    at loadDocuments (/Users/GGuang/blog/node_modules/hexo/node_modules/js-yaml/lib/js-yaml/loader.js:1538:5)\n    at Object.load (/Users/GGuang/blog/node_modules/hexo/node_modules/js-yaml/lib/js-yaml/loader.js:1555:19)\n    at parseYAML (/Users/GGuang/blog/node_modules/hexo/node_modules/hexo-front-matter/lib/front_matter.js:80:21)\n    at parse (/Users/GGuang/blog/node_modules/hexo/node_modules/hexo-front-matter/lib/front_matter.js:56:12)\n    at /Users/GGuang/blog/node_modules/hexo/lib/plugins/processor/asset.js:43:16\n    at tryCatcher (/Users/GGuang/blog/node_modules/hexo/node_modules/bluebird/js/main/util.js:26:23)\n    at Promise._settlePromiseFromHandler (/Users/GGuang/blog/node_modules/hexo/node_modules/bluebird/js/main/promise.js:505:31)\n    at Promise._settlePromiseAt (/Users/GGuang/blog/node_modules/hexo/node_modules/bluebird/js/main/promise.js:581:18)\n    at Promise._settlePromises (/Users/GGuang/blog/node_modules/hexo/node_modules/bluebird/js/main/promise.js:697:14)\n    at Async._drainQueue (/Users/GGuang/blog/node_modules/hexo/node_modules/bluebird/js/main/async.js:123:16)\n    at Async._drainQueues (/Users/GGuang/blog/node_modules/hexo/node_modules/bluebird/js/main/async.js:133:10)\n    at Immediate.Async.drainQueues (/Users/GGuang/blog/node_modules/hexo/node_modules/bluebird/js/main/async.js:15:14)\n    at runCallback (timers.js:672:20)\n    at tryOnImmediate (timers.js:645:5)\n    at processImmediate [as _immediateCallback] (timers.js:617:5)"},"msg":"Process failed: \u001b[35mcategories/index.md\u001b[39m","time":"2017-05-10T14:27:20.740Z","v":0}
{"name":"hexo","hostname":"liguangdeMacBook-Air.local","pid":9720,"level":20,"msg":"Processed: \u001b[35mlayout/_scripts/analytics/google-analytics.swig\u001b[39m","time":"2017-05-10T14:27:20.741Z","v":0}
{"name":"hexo","hostname":"liguangdeMacBook-Air.local","pid":9720,"level":20,"msg":"Processed: \u001b[35m_posts/鼻塞.md\u001b[39m","time":"2017-05-10T14:27:20.748Z","v":0}
{"name":"hexo","hostname":"liguangdeMacBook-Air.local","pid":9720,"level":20,"msg":"Processed: \u001b[35mlayout/_scripts/analytics/baidu-analytics.swig\u001b[39m","time":"2017-05-10T14:27:20.749Z","v":0}
{"name":"hexo","hostname":"liguangdeMacBook-Air.local","pid":9720,"level":20,"msg":"Processed: \u001b[35m_posts/買了一個手賬本.md\u001b[39m","time":"2017-05-10T14:27:20.754Z","v":0}
{"name":"hexo","hostname":"liguangdeMacBook-Air.local","pid":9720,"level":20,"msg":"Processed: \u001b[35mlayout/_partials/share/jiathis.swig\u001b[39m","time":"2017-05-10T14:27:20.755Z","v":0}
{"name":"hexo","hostname":"liguangdeMacBook-Air.local","pid":9720,"level":20,"msg":"Processed: \u001b[35m_posts/胡思亂想.md\u001b[39m","time":"2017-05-10T14:27:20.757Z","v":0}
{"name":"hexo","hostname":"liguangdeMacBook-Air.local","pid":9720,"level":20,"msg":"Processed: \u001b[35mlayout/_partials/share/duoshuo_share.swig\u001b[39m","time":"2017-05-10T14:27:20.758Z","v":0}
{"name":"hexo","hostname":"liguangdeMacBook-Air.local","pid":9720,"level":20,"msg":"Processed: \u001b[35m_posts/當我面臨同樣的問題，明顯不如妳.md\u001b[39m","time":"2017-05-10T14:27:20.761Z","v":0}
{"name":"hexo","hostname":"liguangdeMacBook-Air.local","pid":9720,"level":20,"msg":"Processed: \u001b[35mlayout/_partials/search.swig\u001b[39m","time":"2017-05-10T14:27:20.761Z","v":0}
{"name":"hexo","hostname":"liguangdeMacBook-Air.local","pid":9720,"level":20,"msg":"Processed: \u001b[35m_posts/生活之奴.md\u001b[39m","time":"2017-05-10T14:27:20.767Z","v":0}
{"name":"hexo","hostname":"liguangdeMacBook-Air.local","pid":9720,"level":20,"msg":"Processed: \u001b[35mlayout/_partials/search/tinysou.swig\u001b[39m","time":"2017-05-10T14:27:20.827Z","v":0}
{"name":"hexo","hostname":"liguangdeMacBook-Air.local","pid":9720,"level":20,"msg":"Processed: \u001b[35mlayout/_partials/search/swiftype.swig\u001b[39m","time":"2017-05-10T14:27:20.832Z","v":0}
{"name":"hexo","hostname":"liguangdeMacBook-Air.local","pid":9720,"level":20,"msg":"Processed: \u001b[35mlayout/_partials/pagination.swig\u001b[39m","time":"2017-05-10T14:27:20.833Z","v":0}
{"name":"hexo","hostname":"liguangdeMacBook-Air.local","pid":9720,"level":20,"msg":"Processed: \u001b[35mlayout/_partials/old-browsers.swig\u001b[39m","time":"2017-05-10T14:27:20.837Z","v":0}
{"name":"hexo","hostname":"liguangdeMacBook-Air.local","pid":9720,"level":20,"msg":"Processed: \u001b[35mlayout/_partials/header.swig\u001b[39m","time":"2017-05-10T14:27:20.840Z","v":0}
{"name":"hexo","hostname":"liguangdeMacBook-Air.local","pid":9720,"level":20,"msg":"Processed: \u001b[35mlayout/_partials/head.swig\u001b[39m","time":"2017-05-10T14:27:20.842Z","v":0}
{"name":"hexo","hostname":"liguangdeMacBook-Air.local","pid":9720,"level":20,"msg":"Processed: \u001b[35mlayout/_partials/footer.swig\u001b[39m","time":"2017-05-10T14:27:20.843Z","v":0}
{"name":"hexo","hostname":"liguangdeMacBook-Air.local","pid":9720,"level":20,"msg":"Processed: \u001b[35mlayout/_macro/sidebar.swig\u001b[39m","time":"2017-05-10T14:27:20.843Z","v":0}
{"name":"hexo","hostname":"liguangdeMacBook-Air.local","pid":9720,"level":20,"msg":"Processed: \u001b[35mlayout/_macro/post.swig\u001b[39m","time":"2017-05-10T14:27:20.844Z","v":0}
{"name":"hexo","hostname":"liguangdeMacBook-Air.local","pid":9720,"level":20,"msg":"Processed: \u001b[35mlayout/_macro/post-collapse.swig\u001b[39m","time":"2017-05-10T14:27:20.844Z","v":0}
{"name":"hexo","hostname":"liguangdeMacBook-Air.local","pid":9720,"level":20,"msg":"Processed: \u001b[35mlayout/_layout.swig\u001b[39m","time":"2017-05-10T14:27:20.845Z","v":0}
{"name":"hexo","hostname":"liguangdeMacBook-Air.local","pid":9720,"level":20,"msg":"Processed: \u001b[35mlanguages/zh-tw.yml\u001b[39m","time":"2017-05-10T14:27:20.848Z","v":0}
{"name":"hexo","hostname":"liguangdeMacBook-Air.local","pid":9720,"level":20,"msg":"Processed: \u001b[35mlanguages/zh-hk.yml\u001b[39m","time":"2017-05-10T14:27:20.851Z","v":0}
{"name":"hexo","hostname":"liguangdeMacBook-Air.local","pid":9720,"level":20,"msg":"Processed: \u001b[35mlanguages/zh-Hans.yml\u001b[39m","time":"2017-05-10T14:27:20.854Z","v":0}
{"name":"hexo","hostname":"liguangdeMacBook-Air.local","pid":9720,"level":20,"msg":"Processed: \u001b[35mlanguages/ru.yml\u001b[39m","time":"2017-05-10T14:27:20.855Z","v":0}
{"name":"hexo","hostname":"liguangdeMacBook-Air.local","pid":9720,"level":20,"msg":"Processed: \u001b[35mlanguages/fr-FR.yml\u001b[39m","time":"2017-05-10T14:27:20.857Z","v":0}
{"name":"hexo","hostname":"liguangdeMacBook-Air.local","pid":9720,"level":20,"msg":"Processed: \u001b[35mlanguages/en.yml\u001b[39m","time":"2017-05-10T14:27:20.858Z","v":0}
{"name":"hexo","hostname":"liguangdeMacBook-Air.local","pid":9720,"level":20,"msg":"Processed: \u001b[35mlanguages/default.yml\u001b[39m","time":"2017-05-10T14:27:20.860Z","v":0}
{"name":"hexo","hostname":"liguangdeMacBook-Air.local","pid":9720,"level":20,"msg":"Processed: \u001b[35mlanguages/de.yml\u001b[39m","time":"2017-05-10T14:27:20.861Z","v":0}
{"name":"hexo","hostname":"liguangdeMacBook-Air.local","pid":9720,"level":20,"msg":"Theme config loaded.","time":"2017-05-10T14:27:20.863Z","v":0}
{"name":"hexo","hostname":"liguangdeMacBook-Air.local","pid":9720,"level":20,"msg":"Processed: \u001b[35m_config.yml\u001b[39m","time":"2017-05-10T14:27:20.863Z","v":0}
{"name":"hexo","hostname":"liguangdeMacBook-Air.local","pid":9720,"level":20,"msg":"Generator: \u001b[35mpage\u001b[39m","time":"2017-05-10T14:27:21.321Z","v":0}
{"name":"hexo","hostname":"liguangdeMacBook-Air.local","pid":9720,"level":20,"msg":"Generator: \u001b[35mpost\u001b[39m","time":"2017-05-10T14:27:21.321Z","v":0}
{"name":"hexo","hostname":"liguangdeMacBook-Air.local","pid":9720,"level":20,"msg":"Generator: \u001b[35marchive\u001b[39m","time":"2017-05-10T14:27:21.321Z","v":0}
{"name":"hexo","hostname":"liguangdeMacBook-Air.local","pid":9720,"level":20,"msg":"Generator: \u001b[35mcategory\u001b[39m","time":"2017-05-10T14:27:21.321Z","v":0}
{"name":"hexo","hostname":"liguangdeMacBook-Air.local","pid":9720,"level":20,"msg":"Generator: \u001b[35mfeed\u001b[39m","time":"2017-05-10T14:27:21.321Z","v":0}
{"name":"hexo","hostname":"liguangdeMacBook-Air.local","pid":9720,"level":20,"msg":"Generator: \u001b[35mindex\u001b[39m","time":"2017-05-10T14:27:21.322Z","v":0}
{"name":"hexo","hostname":"liguangdeMacBook-Air.local","pid":9720,"level":20,"msg":"Generator: \u001b[35msitemap\u001b[39m","time":"2017-05-10T14:27:21.322Z","v":0}
{"name":"hexo","hostname":"liguangdeMacBook-Air.local","pid":9720,"level":20,"msg":"Generator: \u001b[35mtag\u001b[39m","time":"2017-05-10T14:27:21.322Z","v":0}
{"name":"hexo","hostname":"liguangdeMacBook-Air.local","pid":9720,"level":20,"msg":"Generator: \u001b[35masset\u001b[39m","time":"2017-05-10T14:27:21.324Z","v":0}
{"name":"hexo","hostname":"liguangdeMacBook-Air.local","pid":9720,"level":30,"msg":"Hexo is running at \u001b[4mhttp://0.0.0.0:4000/\u001b[24m. Press Ctrl+C to stop.","time":"2017-05-10T14:27:21.335Z","v":0}
{"name":"hexo","hostname":"liguangdeMacBook-Air.local","pid":9720,"level":20,"msg":"Database saved","time":"2017-05-10T14:27:21.355Z","v":0}
{"name":"hexo","hostname":"liguangdeMacBook-Air.local","pid":9720,"level":20,"msg":"Rendering index: \u001b[35mindex.html\u001b[39m","time":"2017-05-10T14:27:33.314Z","v":0}
{"name":"hexo","hostname":"liguangdeMacBook-Air.local","pid":9720,"level":30,"msg":"Good bye","time":"2017-05-10T14:31:09.923Z","v":0}
{"name":"hexo","hostname":"liguangdeMacBook-Air.local","pid":9720,"level":20,"msg":"Database saved","time":"2017-05-10T14:31:10.012Z","v":0}
